<?xml version="1.0" encoding="UTF-8"?>
<!-- Generated by org.testng.reporters.JUnitReportReporter -->
<testsuite skipped="0" hostname="wilfred-PC" name="ExcelFileReader.TestRegistration" tests="4" failures="0" timestamp="09 Sep 2020 14:24:18 GMT" time="0.195" errors="0">
  <testcase name="doRegistration" time="0.047" classname="ExcelFileReader.TestRegistration"/>
  <testcase name="doRegistration" time="0.046" classname="ExcelFileReader.TestRegistration"/>
  <testcase name="doRegistration" time="0.048" classname="ExcelFileReader.TestRegistration"/>
  <testcase name="doRegistration" time="0.054" classname="ExcelFileReader.TestRegistration"/>
</testsuite> <!-- ExcelFileReader.TestRegistration -->
