<?xml version="1.0" encoding="UTF-8"?>
<!-- Generated by org.testng.reporters.JUnitReportReporter -->
<testsuite skipped="0" hostname="wilfred-PC" name="ExcelFileReader.TestParameterization" tests="5" failures="0" timestamp="07 Sep 2020 17:47:40 GMT" time="0.037" errors="0">
  <testcase name="doLogin" time="0.004" classname="ExcelFileReader.TestParameterization"/>
  <testcase name="doLogin" time="0.020" classname="ExcelFileReader.TestParameterization"/>
  <testcase name="doLogin" time="0.004" classname="ExcelFileReader.TestParameterization"/>
  <testcase name="doLogin" time="0.004" classname="ExcelFileReader.TestParameterization"/>
  <testcase name="doLogin" time="0.005" classname="ExcelFileReader.TestParameterization"/>
</testsuite> <!-- ExcelFileReader.TestParameterization -->
