<?xml version="1.0" encoding="UTF-8"?>
<!-- Generated by org.testng.reporters.JUnitReportReporter -->
<testsuite skipped="0" hostname="wilfred-PC" name="ExcelFileReader.TestParameterUtil" tests="5" failures="0" timestamp="09 Sep 2020 08:03:57 GMT" time="9.404" errors="0">
  <testcase name="doLogin" time="4.885" classname="ExcelFileReader.TestParameterUtil"/>
  <testcase name="doLogin" time="1.161" classname="ExcelFileReader.TestParameterUtil"/>
  <testcase name="doLogin" time="1.096" classname="ExcelFileReader.TestParameterUtil"/>
  <testcase name="doLogin" time="1.141" classname="ExcelFileReader.TestParameterUtil"/>
  <testcase name="doLogin" time="1.121" classname="ExcelFileReader.TestParameterUtil"/>
</testsuite> <!-- ExcelFileReader.TestParameterUtil -->
