<?xml version="1.0" encoding="UTF-8"?>
<!-- Generated by org.testng.reporters.JUnitReportReporter -->
<testsuite skipped="0" hostname="wilfred-PC" name="ExcelFileReader.ParallelTest" tests="2" failures="0" timestamp="09 Sep 2020 14:02:01 GMT" time="0.118" errors="0">
  <testcase name="Login" time="0.059" classname="ExcelFileReader.ParallelTest"/>
  <testcase name="Login" time="0.059" classname="ExcelFileReader.ParallelTest"/>
</testsuite> <!-- ExcelFileReader.ParallelTest -->
