<?xml version="1.0" encoding="UTF-8"?>
<!-- Generated by org.testng.reporters.JUnitReportReporter -->
<testsuite skipped="0" hostname="wilfred-PC" name="ExcelFileReader.TestParameter" tests="5" failures="0" timestamp="08 Sep 2020 15:32:39 GMT" time="9.496" errors="0">
  <testcase name="doLogin" time="1.056" classname="ExcelFileReader.TestParameter"/>
  <testcase name="doLogin" time="1.020" classname="ExcelFileReader.TestParameter"/>
  <testcase name="doLogin" time="4.468" classname="ExcelFileReader.TestParameter"/>
  <testcase name="doLogin" time="1.659" classname="ExcelFileReader.TestParameter"/>
  <testcase name="doLogin" time="1.293" classname="ExcelFileReader.TestParameter"/>
</testsuite> <!-- ExcelFileReader.TestParameter -->
